0 info it worked if it ends with ok
1 verbose cli [ '/usr/local/bin/node', '/usr/local/bin/npm', 'install' ]
2 info using npm@3.10.8
3 info using node@v6.9.1
4 silly loadCurrentTree Starting
5 silly install loadCurrentTree
6 silly install readLocalPackageData
7 silly install normalizeTree
8 silly loadCurrentTree Finishing
9 silly loadIdealTree Starting
10 silly install loadIdealTree
11 silly cloneCurrentTree Starting
12 silly install cloneCurrentTreeToIdealTree
13 silly cloneCurrentTree Finishing
14 silly loadShrinkwrap Starting
15 silly install loadShrinkwrap
16 silly loadShrinkwrap Finishing
17 silly loadAllDepsIntoIdealTree Starting
18 silly install loadAllDepsIntoIdealTree
19 silly fetchNamedPackageData pug
20 silly mapToRegistry name pug
21 silly mapToRegistry using default registry
22 silly mapToRegistry registry https://registry.npmjs.org/
23 silly mapToRegistry data Result {
23 silly mapToRegistry   raw: 'pug',
23 silly mapToRegistry   scope: null,
23 silly mapToRegistry   escapedName: 'pug',
23 silly mapToRegistry   name: 'pug',
23 silly mapToRegistry   rawSpec: '',
23 silly mapToRegistry   spec: 'latest',
23 silly mapToRegistry   type: 'tag' }
24 silly mapToRegistry uri https://registry.npmjs.org/pug
25 verbose request uri https://registry.npmjs.org/pug
26 verbose request no auth needed
27 info attempt registry request try #1 at 5:15:45 PM
28 verbose request id 2d91229d938f525c
29 verbose etag "73NFKWT2YL3ODOH1H49NIXKIL"
30 http request GET https://registry.npmjs.org/pug
31 http 304 https://registry.npmjs.org/pug
32 verbose headers { date: 'Wed, 26 Oct 2016 00:15:46 GMT',
32 verbose headers   via: '1.1 varnish',
32 verbose headers   'cache-control': 'max-age=300',
32 verbose headers   etag: '"73NFKWT2YL3ODOH1H49NIXKIL"',
32 verbose headers   age: '243',
32 verbose headers   connection: 'keep-alive',
32 verbose headers   'x-served-by': 'cache-sea1924-SEA',
32 verbose headers   'x-cache': 'HIT',
32 verbose headers   'x-cache-hits': '3',
32 verbose headers   'x-timer': 'S1477440946.178837,VS0,VE0',
32 verbose headers   vary: 'Accept-Encoding' }
33 silly get cb [ 304,
33 silly get   { date: 'Wed, 26 Oct 2016 00:15:46 GMT',
33 silly get     via: '1.1 varnish',
33 silly get     'cache-control': 'max-age=300',
33 silly get     etag: '"73NFKWT2YL3ODOH1H49NIXKIL"',
33 silly get     age: '243',
33 silly get     connection: 'keep-alive',
33 silly get     'x-served-by': 'cache-sea1924-SEA',
33 silly get     'x-cache': 'HIT',
33 silly get     'x-cache-hits': '3',
33 silly get     'x-timer': 'S1477440946.178837,VS0,VE0',
33 silly get     vary: 'Accept-Encoding' } ]
34 verbose etag https://registry.npmjs.org/pug from cache
35 verbose get saving pug to /Users/suibin/.npm/registry.npmjs.org/pug/.cache.json
36 verbose correctMkdir /Users/suibin/.npm correctMkdir not in flight; initializing
37 silly fetchNamedPackageData No valid target from cache, forcing network
38 verbose request uri https://registry.npmjs.org/pug
39 verbose request no auth needed
40 info attempt registry request try #1 at 5:15:46 PM
41 http request GET https://registry.npmjs.org/pug
42 http 200 https://registry.npmjs.org/pug
43 verbose headers { server: 'CouchDB/1.5.0 (Erlang OTP/R16B03)',
43 verbose headers   etag: '"73NFKWT2YL3ODOH1H49NIXKIL"',
43 verbose headers   'content-type': 'application/json',
43 verbose headers   'content-encoding': 'gzip',
43 verbose headers   'cache-control': 'max-age=300',
43 verbose headers   'content-length': '8169',
43 verbose headers   'accept-ranges': 'bytes',
43 verbose headers   date: 'Wed, 26 Oct 2016 00:15:46 GMT',
43 verbose headers   via: '1.1 varnish',
43 verbose headers   age: '243',
43 verbose headers   connection: 'keep-alive',
43 verbose headers   'x-served-by': 'cache-sea1924-SEA',
43 verbose headers   'x-cache': 'HIT',
43 verbose headers   'x-cache-hits': '4',
43 verbose headers   'x-timer': 'S1477440946.242142,VS0,VE0',
43 verbose headers   vary: 'Accept-Encoding' }
44 silly get cb [ 200,
44 silly get   { server: 'CouchDB/1.5.0 (Erlang OTP/R16B03)',
44 silly get     etag: '"73NFKWT2YL3ODOH1H49NIXKIL"',
44 silly get     'content-type': 'application/json',
44 silly get     'content-encoding': 'gzip',
44 silly get     'cache-control': 'max-age=300',
44 silly get     'content-length': '8169',
44 silly get     'accept-ranges': 'bytes',
44 silly get     date: 'Wed, 26 Oct 2016 00:15:46 GMT',
44 silly get     via: '1.1 varnish',
44 silly get     age: '243',
44 silly get     connection: 'keep-alive',
44 silly get     'x-served-by': 'cache-sea1924-SEA',
44 silly get     'x-cache': 'HIT',
44 silly get     'x-cache-hits': '4',
44 silly get     'x-timer': 'S1477440946.242142,VS0,VE0',
44 silly get     vary: 'Accept-Encoding' } ]
45 verbose get saving pug to /Users/suibin/.npm/registry.npmjs.org/pug/.cache.json
46 verbose correctMkdir /Users/suibin/.npm correctMkdir not in flight; initializing
47 silly fetchPackageMetaData Error: No compatible version found: pug@~2.0.0
47 silly fetchPackageMetaData Valid install targets:
47 silly fetchPackageMetaData 2.0.0-beta6, 2.0.0-beta5, 2.0.0-beta4, 2.0.0-beta3, 2.0.0-beta2, 2.0.0-beta1, 2.0.0-alpha8, 2.0.0-alpha7, 2.0.0-alpha6, 2.0.0-alpha5, 2.0.0-alpha4, 2.0.0-alpha3, 2.0.0-alpha2, 2.0.0-alpha1, 0.1.0, 0.0.0
47 silly fetchPackageMetaData
47 silly fetchPackageMetaData     at pickVersionFromRegistryDocument (/usr/local/lib/node_modules/npm/lib/fetch-package-metadata.js:178:16)
47 silly fetchPackageMetaData     at /usr/local/lib/node_modules/npm/node_modules/iferr/index.js:13:50
47 silly fetchPackageMetaData     at /usr/local/lib/node_modules/npm/lib/utils/pulse-till-done.js:20:8
47 silly fetchPackageMetaData     at saved (/usr/local/lib/node_modules/npm/lib/cache/caching-client.js:174:7)
47 silly fetchPackageMetaData     at /usr/local/lib/node_modules/npm/node_modules/graceful-fs/polyfills.js:233:18
47 silly fetchPackageMetaData     at FSReqWrap.oncomplete (fs.js:123:15)
47 silly fetchPackageMetaData  error for pug@~2.0.0 { Error: No compatible version found: pug@~2.0.0
47 silly fetchPackageMetaData Valid install targets:
47 silly fetchPackageMetaData 2.0.0-beta6, 2.0.0-beta5, 2.0.0-beta4, 2.0.0-beta3, 2.0.0-beta2, 2.0.0-beta1, 2.0.0-alpha8, 2.0.0-alpha7, 2.0.0-alpha6, 2.0.0-alpha5, 2.0.0-alpha4, 2.0.0-alpha3, 2.0.0-alpha2, 2.0.0-alpha1, 0.1.0, 0.0.0
47 silly fetchPackageMetaData
47 silly fetchPackageMetaData     at pickVersionFromRegistryDocument (/usr/local/lib/node_modules/npm/lib/fetch-package-metadata.js:178:16)
47 silly fetchPackageMetaData     at /usr/local/lib/node_modules/npm/node_modules/iferr/index.js:13:50
47 silly fetchPackageMetaData     at /usr/local/lib/node_modules/npm/lib/utils/pulse-till-done.js:20:8
47 silly fetchPackageMetaData     at saved (/usr/local/lib/node_modules/npm/lib/cache/caching-client.js:174:7)
47 silly fetchPackageMetaData     at /usr/local/lib/node_modules/npm/node_modules/graceful-fs/polyfills.js:233:18
47 silly fetchPackageMetaData     at FSReqWrap.oncomplete (fs.js:123:15) code: 'ETARGET' }
48 silly rollbackFailedOptional Starting
49 silly rollbackFailedOptional Finishing
50 silly runTopLevelLifecycles Finishing
51 silly install printInstalled
52 verbose stack Error: No compatible version found: pug@~2.0.0
52 verbose stack Valid install targets:
52 verbose stack 2.0.0-beta6, 2.0.0-beta5, 2.0.0-beta4, 2.0.0-beta3, 2.0.0-beta2, 2.0.0-beta1, 2.0.0-alpha8, 2.0.0-alpha7, 2.0.0-alpha6, 2.0.0-alpha5, 2.0.0-alpha4, 2.0.0-alpha3, 2.0.0-alpha2, 2.0.0-alpha1, 0.1.0, 0.0.0
52 verbose stack
52 verbose stack     at pickVersionFromRegistryDocument (/usr/local/lib/node_modules/npm/lib/fetch-package-metadata.js:178:16)
52 verbose stack     at /usr/local/lib/node_modules/npm/node_modules/iferr/index.js:13:50
52 verbose stack     at /usr/local/lib/node_modules/npm/lib/utils/pulse-till-done.js:20:8
52 verbose stack     at saved (/usr/local/lib/node_modules/npm/lib/cache/caching-client.js:174:7)
52 verbose stack     at /usr/local/lib/node_modules/npm/node_modules/graceful-fs/polyfills.js:233:18
52 verbose stack     at FSReqWrap.oncomplete (fs.js:123:15)
53 verbose cwd /Users/suibin/Project-Node/exprTut
54 error Darwin 16.1.0
55 error argv "/usr/local/bin/node" "/usr/local/bin/npm" "install"
56 error node v6.9.1
57 error npm  v3.10.8
58 error code ETARGET
59 error notarget No compatible version found: pug@~2.0.0
59 error notarget Valid install targets:
59 error notarget 2.0.0-beta6, 2.0.0-beta5, 2.0.0-beta4, 2.0.0-beta3, 2.0.0-beta2, 2.0.0-beta1, 2.0.0-alpha8, 2.0.0-alpha7, 2.0.0-alpha6, 2.0.0-alpha5, 2.0.0-alpha4, 2.0.0-alpha3, 2.0.0-alpha2, 2.0.0-alpha1, 0.1.0, 0.0.0
60 error notarget This is most likely not a problem with npm itself.
60 error notarget In most cases you or one of your dependencies are requesting
60 error notarget a package version that doesn't exist.
60 error notarget
60 error notarget It was specified as a dependency of 'exprTut'
61 verbose exit [ 1, true ]
